1739670598210:help
1739671126103:test
1739671133745:System.out.println("ok");
1739671137455:System.out.println('ok');
1739671394704:help
1739671398041:greet
1739671405856:greet --arg pedro
1739671415598:greet --name Pedro
1739671420699:greet --name "Pedro"
1739671427984:greet --name
1739671431728:exit
1739672934628:help
1739672941803:greet --help
1739673048676:example
1739673335435:help
1739673340181:greet
1739673821350:help
1739673854338:greet
1739673924398:clear
1739673928674:help
1739747922834:example
1739747928337:Bootstrap
1739747956457:clear
1739747960145:help
1739748043446:hhelp
1739748046547:help
1739748051588:version
1739748056858:greet -h
1739748121816:help
1739748125278:greet -h
1739748156698:greet
1739748160405:greet pedro
1739748171272:greet -n joe
1739748179852:greet -l ha
1739748185240:greet -n -h
1739748195957:greet -n ana
1739748200588:greet --name ana
1739748204435:greet "Ana"
1739748209828:greet --name "Ana"
1739748214665:greet -n "Ana"
1739794117971:help
1739794132249:version
1739794135528:greet
1739794140342:example
1739794145118:example -p test
1739794152226:example --person "BOT"
1739794160090:greet -n Ana
1739794163493:greet --name pete
1739794166758:greet Luke
1739794414949:version
1739794418947:help
1739794428381:history
